timestamp: 2016-08-30T07:34:31.673000
CREATE TABLE auth_user(
    id INTEGER PRIMARY KEY AUTOINCREMENT,
    first_name CHAR(128),
    last_name CHAR(128),
    email CHAR(512),
    password CHAR(512),
    registration_key CHAR(512),
    reset_password_key CHAR(512),
    registration_id CHAR(512)
);
success!
timestamp: 2016-08-30T07:34:31.761000
CREATE TABLE auth_group(
    id INTEGER PRIMARY KEY AUTOINCREMENT,
    role CHAR(512),
    description TEXT
);
success!
timestamp: 2016-08-30T07:34:31.833000
CREATE TABLE auth_membership(
    id INTEGER PRIMARY KEY AUTOINCREMENT,
    user_id INTEGER REFERENCES auth_user (id) ON DELETE CASCADE  ,
    group_id INTEGER REFERENCES auth_group (id) ON DELETE CASCADE  
);
success!
timestamp: 2016-08-30T07:34:31.939000
CREATE TABLE auth_permission(
    id INTEGER PRIMARY KEY AUTOINCREMENT,
    group_id INTEGER REFERENCES auth_group (id) ON DELETE CASCADE  ,
    name CHAR(512),
    table_name CHAR(512),
    record_id INTEGER
);
success!
timestamp: 2016-08-30T07:34:31.994000
CREATE TABLE auth_event(
    id INTEGER PRIMARY KEY AUTOINCREMENT,
    time_stamp TIMESTAMP,
    client_ip CHAR(512),
    user_id INTEGER REFERENCES auth_user (id) ON DELETE CASCADE  ,
    origin CHAR(512),
    description TEXT
);
success!
timestamp: 2016-08-30T07:34:32.065000
CREATE TABLE auth_cas(
    id INTEGER PRIMARY KEY AUTOINCREMENT,
    user_id INTEGER REFERENCES auth_user (id) ON DELETE CASCADE  ,
    created_on TIMESTAMP,
    service CHAR(512),
    ticket CHAR(512),
    renew CHAR(1)
);
success!
timestamp: 2019-05-29T07:54:26.184000
CREATE TABLE evento(
    id INTEGER PRIMARY KEY AUTOINCREMENT,
    apellido CHAR(512),
    nombre CHAR(512),
    dni INTEGER,
    telefono INTEGER,
    dependencia CHAR(512),
    mail CHAR(512),
    fecha CHAR(512)
);
success!
timestamp: 2019-05-29T07:54:26.307000
CREATE TABLE cupo(
    id INTEGER PRIMARY KEY AUTOINCREMENT,
    cupo1 INTEGER
);
success!
DELETE FROM evento;
DELETE FROM sqlite_sequence WHERE name='evento';
success!
success!
success!
success!
success!
success!
success!
success!
success!
success!
success!
success!
success!
success!
timestamp: 2019-05-29T10:16:38.006000
ALTER TABLE auth_user ADD username CHAR(128);
success!
